# JRE version: OpenJDK Runtime Environment (8.0_332-b08) (build 1.8.0_332-b08)
# Java VM: OpenJDK 64-Bit Server VM (25.332-b08 mixed mode windows-amd64 compressed oops)
Heap:
 PSYoungGen      total 136192K, used 61258K [0x000000076c300000, 0x0000000776a00000, 0x00000007c0000000)
  eden space 126976K, 41% used [0x000000076c300000,0x000000076f64f9a0,0x0000000773f00000)
  from space 9216K, 94% used [0x0000000776100000,0x0000000776982fa8,0x0000000776a00000)
  to   space 14848K, 0% used [0x0000000774d00000,0x0000000774d00000,0x0000000775b80000)
 ParOldGen       total 181760K, used 18937K [0x00000006c4800000, 0x00000006cf980000, 0x000000076c300000)
  object space 181760K, 10% used [0x00000006c4800000,0x00000006c5a7e6d0,0x00000006cf980000)
 Metaspace       used 46355K, capacity 49280K, committed 49368K, reserved 1091584K
  class space    used 6284K, capacity 6816K, committed 6872K, reserved 1048576K
GC Heap History (10 events):
Event: 2.752 GC heap before
{Heap before GC invocations=4 (full 1):
 PSYoungGen      total 75264K, used 64512K [0x000000076c300000, 0x0000000775600000, 0x00000007c0000000)
  eden space 64512K, 100% used [0x000000076c300000,0x0000000770200000,0x0000000770200000)
  from space 10752K, 0% used [0x0000000770c80000,0x0000000770c80000,0x0000000771700000)
  to   space 10752K, 0% used [0x0000000770200000,0x0000000770200000,0x0000000770c80000)
 ParOldGen       total 112640K, used 12805K [0x00000006c4800000, 0x00000006cb600000, 0x000000076c300000)
  object space 112640K, 11% used [0x00000006c4800000,0x00000006c5481418,0x00000006cb600000)
 Metaspace       used 24938K, capacity 26284K, committed 26624K, reserved 1073152K
  class space    used 3227K, capacity 3509K, committed 3584K, reserved 1048576K
Event: 2.755 GC heap after
Heap after GC invocations=4 (full 1):
 PSYoungGen      total 75264K, used 8436K [0x000000076c300000, 0x0000000773600000, 0x00000007c0000000)
  eden space 64512K, 0% used [0x000000076c300000,0x000000076c300000,0x0000000770200000)
  from space 10752K, 78% used [0x0000000770200000,0x0000000770a3d208,0x0000000770c80000)
  to   space 10752K, 0% used [0x0000000772b80000,0x0000000772b80000,0x0000000773600000)
 ParOldGen       total 112640K, used 12813K [0x00000006c4800000, 0x00000006cb600000, 0x000000076c300000)
  object space 112640K, 11% used [0x00000006c4800000,0x00000006c5483418,0x00000006cb600000)
 Metaspace       used 24938K, capacity 26284K, committed 26624K, reserved 1073152K
  class space    used 3227K, capacity 3509K, committed 3584K, reserved 1048576K
}
Event: 3.109 GC heap before
{Heap before GC invocations=5 (full 1):
 PSYoungGen      total 75264K, used 72948K [0x000000076c300000, 0x0000000773600000, 0x00000007c0000000)
  eden space 64512K, 100% used [0x000000076c300000,0x0000000770200000,0x0000000770200000)
  from space 10752K, 78% used [0x0000000770200000,0x0000000770a3d208,0x0000000770c80000)
  to   space 10752K, 0% used [0x0000000772b80000,0x0000000772b80000,0x0000000773600000)
 ParOldGen       total 112640K, used 12813K [0x00000006c4800000, 0x00000006cb600000, 0x000000076c300000)
  object space 112640K, 11% used [0x00000006c4800000,0x00000006c5483418,0x00000006cb600000)
 Metaspace       used 28519K, capacity 30124K, committed 30336K, reserved 1075200K
  class space    used 3775K, capacity 4099K, committed 4224K, reserved 1048576K
Event: 3.115 GC heap after
Heap after GC invocations=5 (full 1):
 PSYoungGen      total 107008K, used 10254K [0x000000076c300000, 0x0000000773880000, 0x00000007c0000000)
  eden space 96256K, 0% used [0x000000076c300000,0x000000076c300000,0x0000000772100000)
  from space 10752K, 95% used [0x0000000772b80000,0x0000000773583b50,0x0000000773600000)
  to   space 10752K, 0% used [0x0000000772100000,0x0000000772100000,0x0000000772b80000)
 ParOldGen       total 112640K, used 12821K [0x00000006c4800000, 0x00000006cb600000, 0x000000076c300000)
  object space 112640K, 11% used [0x00000006c4800000,0x00000006c5485418,0x00000006cb600000)
 Metaspace       used 28519K, capacity 30124K, committed 30336K, reserved 1075200K
  class space    used 3775K, capacity 4099K, committed 4224K, reserved 1048576K
}
Event: 3.687 GC heap before
{Heap before GC invocations=6 (full 1):
 PSYoungGen      total 107008K, used 86621K [0x000000076c300000, 0x0000000773880000, 0x00000007c0000000)
  eden space 96256K, 79% used [0x000000076c300000,0x0000000770d93a78,0x0000000772100000)
  from space 10752K, 95% used [0x0000000772b80000,0x0000000773583b50,0x0000000773600000)
  to   space 10752K, 0% used [0x0000000772100000,0x0000000772100000,0x0000000772b80000)
 ParOldGen       total 112640K, used 12821K [0x00000006c4800000, 0x00000006cb600000, 0x000000076c300000)
  object space 112640K, 11% used [0x00000006c4800000,0x00000006c5485418,0x00000006cb600000)
 Metaspace       used 33014K, capacity 35314K, committed 35416K, reserved 1079296K
  class space    used 4430K, capacity 4868K, committed 4952K, reserved 1048576K
Event: 3.693 GC heap after
Heap after GC invocations=6 (full 1):
 PSYoungGen      total 107008K, used 10729K [0x000000076c300000, 0x0000000776f80000, 0x00000007c0000000)
  eden space 96256K, 0% used [0x000000076c300000,0x000000076c300000,0x0000000772100000)
  from space 10752K, 99% used [0x0000000772100000,0x0000000772b7a4f8,0x0000000772b80000)
  to   space 14848K, 0% used [0x0000000776100000,0x0000000776100000,0x0000000776f80000)
 ParOldGen       total 112640K, used 14994K [0x00000006c4800000, 0x00000006cb600000, 0x000000076c300000)
  object space 112640K, 13% used [0x00000006c4800000,0x00000006c56a4950,0x00000006cb600000)
 Metaspace       used 33014K, capacity 35314K, committed 35416K, reserved 1079296K
  class space    used 4430K, capacity 4868K, committed 4952K, reserved 1048576K
}
Event: 3.693 GC heap before
{Heap before GC invocations=7 (full 2):
 PSYoungGen      total 107008K, used 10729K [0x000000076c300000, 0x0000000776f80000, 0x00000007c0000000)
  eden space 96256K, 0% used [0x000000076c300000,0x000000076c300000,0x0000000772100000)
  from space 10752K, 99% used [0x0000000772100000,0x0000000772b7a4f8,0x0000000772b80000)
  to   space 14848K, 0% used [0x0000000776100000,0x0000000776100000,0x0000000776f80000)
 ParOldGen       total 112640K, used 14994K [0x00000006c4800000, 0x00000006cb600000, 0x000000076c300000)
  object space 112640K, 13% used [0x00000006c4800000,0x00000006c56a4950,0x00000006cb600000)
 Metaspace       used 33014K, capacity 35314K, committed 35416K, reserved 1079296K
  class space    used 4430K, capacity 4868K, committed 4952K, reserved 1048576K
Event: 3.734 GC heap after
Heap after GC invocations=7 (full 2):
 PSYoungGen      total 107008K, used 0K [0x000000076c300000, 0x0000000776f80000, 0x00000007c0000000)
  eden space 96256K, 0% used [0x000000076c300000,0x000000076c300000,0x0000000772100000)
  from space 10752K, 0% used [0x0000000772100000,0x0000000772100000,0x0000000772b80000)
  to   space 14848K, 0% used [0x0000000776100000,0x0000000776100000,0x0000000776f80000)
 ParOldGen       total 181760K, used 18929K [0x00000006c4800000, 0x00000006cf980000, 0x000000076c300000)
  object space 181760K, 10% used [0x00000006c4800000,0x00000006c5a7c6d0,0x00000006cf980000)
 Metaspace       used 33014K, capacity 35314K, committed 35416K, reserved 1079296K
  class space    used 4430K, capacity 4868K, committed 4952K, reserved 1048576K
}
Event: 4.578 GC heap before
{Heap before GC invocations=8 (full 2):
 PSYoungGen      total 107008K, used 96256K [0x000000076c300000, 0x0000000776f80000, 0x00000007c0000000)
  eden space 96256K, 100% used [0x000000076c300000,0x0000000772100000,0x0000000772100000)
  from space 10752K, 0% used [0x0000000772100000,0x0000000772100000,0x0000000772b80000)
  to   space 14848K, 0% used [0x0000000776100000,0x0000000776100000,0x0000000776f80000)
 ParOldGen       total 181760K, used 18929K [0x00000006c4800000, 0x00000006cf980000, 0x000000076c300000)
  object space 181760K, 10% used [0x00000006c4800000,0x00000006c5a7c6d0,0x00000006cf980000)
 Metaspace       used 42311K, capacity 44870K, committed 45144K, reserved 1087488K
  class space    used 5669K, capacity 6131K, committed 6232K, reserved 1048576K
Event: 4.582 GC heap after
Heap after GC invocations=8 (full 2):
 PSYoungGen      total 136192K, used 8715K [0x000000076c300000, 0x0000000776a00000, 0x00000007c0000000)
  eden space 126976K, 0% used [0x000000076c300000,0x000000076c300000,0x0000000773f00000)
  from space 9216K, 94% used [0x0000000776100000,0x0000000776982fa8,0x0000000776a00000)
  to   space 14848K, 0% used [0x0000000774d00000,0x0000000774d00000,0x0000000775b80000)
 ParOldGen       total 181760K, used 18937K [0x00000006c4800000, 0x00000006cf980000, 0x000000076c300000)
  object space 181760K, 10% used [0x00000006c4800000,0x00000006c5a7e6d0,0x00000006cf980000)
 Metaspace       used 42311K, capacity 44870K, committed 45144K, reserved 1087488K
  class space    used 5669K, capacity 6131K, committed 6232K, reserved 1048576K
}

